# JRE version: Java(TM) SE Runtime Environment (9.0+11) (build 9.0.4+11)
# Java VM: Java HotSpot(TM) 64-Bit Server VM (9.0.4+11, mixed mode, tiered, compressed oops, g1 gc, windows-amd64)
Heap:
 garbage-first heap   total 427008K, used 150957K [0x0000000700000000, 0x0000000700100d08, 0x00000007c0000000)
  region size 1024K, 22 young (22528K), 1 survivors (1024K)
 Metaspace       used 105973K, capacity 108105K, committed 116816K, reserved 1148928K
  class space    used 14494K, capacity 14943K, committed 16764K, reserved 1048576K
GC Heap History (10 events):
Event: 10899.879 GC heap before
{Heap before GC invocations=1750 (full 997):
 garbage-first heap   total 427008K, used 140135K [0x0000000700000000, 0x0000000700100d08, 0x00000007c0000000)
  region size 1024K, 9 young (9216K), 0 survivors (0K)
 Metaspace       used 105960K, capacity 108105K, committed 116816K, reserved 1148928K
  class space    used 14494K, capacity 14943K, committed 16764K, reserved 1048576K
}
Event: 10900.186 GC heap after
{Heap after GC invocations=1751 (full 998):
 garbage-first heap   total 427008K, used 127843K [0x0000000700000000, 0x0000000700100d08, 0x00000007c0000000)
  region size 1024K, 0 young (0K), 0 survivors (0K)
 Metaspace       used 105960K, capacity 108105K, committed 116816K, reserved 1148928K
  class space    used 14494K, capacity 14943K, committed 16764K, reserved 1048576K
}
Event: 10902.984 GC heap before
{Heap before GC invocations=1751 (full 998):
 garbage-first heap   total 427008K, used 138083K [0x0000000700000000, 0x0000000700100d08, 0x00000007c0000000)
  region size 1024K, 9 young (9216K), 0 survivors (0K)
 Metaspace       used 105960K, capacity 108105K, committed 116816K, reserved 1148928K
  class space    used 14494K, capacity 14943K, committed 16764K, reserved 1048576K
}
Event: 10903.285 GC heap after
{Heap after GC invocations=1752 (full 999):
 garbage-first heap   total 427008K, used 127847K [0x0000000700000000, 0x0000000700100d08, 0x00000007c0000000)
  region size 1024K, 0 young (0K), 0 survivors (0K)
 Metaspace       used 105960K, capacity 108105K, committed 116816K, reserved 1148928K
  class space    used 14494K, capacity 14943K, committed 16764K, reserved 1048576K
}
Event: 10906.091 GC heap before
{Heap before GC invocations=1752 (full 999):
 garbage-first heap   total 427008K, used 138087K [0x0000000700000000, 0x0000000700100d08, 0x00000007c0000000)
  region size 1024K, 9 young (9216K), 0 survivors (0K)
 Metaspace       used 105960K, capacity 108105K, committed 116816K, reserved 1148928K
  class space    used 14494K, capacity 14943K, committed 16764K, reserved 1048576K
}
Event: 10906.379 GC heap after
{Heap after GC invocations=1753 (full 1000):
 garbage-first heap   total 427008K, used 127851K [0x0000000700000000, 0x0000000700100d08, 0x00000007c0000000)
  region size 1024K, 0 young (0K), 0 survivors (0K)
 Metaspace       used 105960K, capacity 108105K, committed 116816K, reserved 1148928K
  class space    used 14494K, capacity 14943K, committed 16764K, reserved 1048576K
}
Event: 10909.187 GC heap before
{Heap before GC invocations=1753 (full 1000):
 garbage-first heap   total 427008K, used 141163K [0x0000000700000000, 0x0000000700100d08, 0x00000007c0000000)
  region size 1024K, 12 young (12288K), 0 survivors (0K)
 Metaspace       used 105960K, capacity 108105K, committed 116816K, reserved 1148928K
  class space    used 14494K, capacity 14943K, committed 16764K, reserved 1048576K
}
Event: 10909.476 GC heap after
{Heap after GC invocations=1754 (full 1001):
 garbage-first heap   total 427008K, used 127896K [0x0000000700000000, 0x0000000700100d08, 0x00000007c0000000)
  region size 1024K, 0 young (0K), 0 survivors (0K)
 Metaspace       used 105960K, capacity 108105K, committed 116816K, reserved 1148928K
  class space    used 14494K, capacity 14943K, committed 16764K, reserved 1048576K
}
Event: 10909.793 GC heap before
{Heap before GC invocations=1754 (full 1001):
 garbage-first heap   total 427008K, used 191384K [0x0000000700000000, 0x0000000700100d08, 0x00000007c0000000)
  region size 1024K, 60 young (61440K), 0 survivors (0K)
 Metaspace       used 105973K, capacity 108105K, committed 116816K, reserved 1148928K
  class space    used 14494K, capacity 14943K, committed 16764K, reserved 1048576K
}
Event: 10909.798 GC heap after
{Heap after GC invocations=1755 (full 1001):
 garbage-first heap   total 427008K, used 130477K [0x0000000700000000, 0x0000000700100d08, 0x00000007c0000000)
  region size 1024K, 1 young (1024K), 1 survivors (1024K)
 Metaspace       used 105973K, capacity 108105K, committed 116816K, reserved 1148928K
  class space    used 14494K, capacity 14943K, committed 16764K, reserved 1048576K
}

